[2024-08-02T04:31:31.930Z] [=] Mobile : Token for user 21104010 has expired
[2024-08-02T04:32:24.271Z] [=] User 21104010 attempting to log in
[2024-08-02T04:32:24.287Z] [=] User 21104010 successfully logged in
[2024-08-02T04:32:24.301Z] [=] Mobile : Token provided for user 21104010
[2024-08-02T04:33:03.502Z] [=] Mobile : Token for user 21104010 has expired
[2024-08-02T04:34:16.924Z] [*] Database connection error , validation of undefined
[2024-08-02T04:34:32.294Z] [=] User 21104010 attempting to log in
[2024-08-02T04:34:32.304Z] [=] User 21104010 successfully logged in
[2024-08-02T04:34:32.314Z] [=] Mobile : Token provided for user 21104010
[2024-08-02T04:35:47.819Z] [=] Mobile : Token for user 21104010 is valid
[2024-08-02T04:36:02.695Z] [*] Database connection error , validation of undefined
[2024-08-02T05:12:12.969Z] [=] Mobile : Token for user 21104010 is valid
[2024-08-02T05:12:48.222Z] [=] Mobile : Token for user 21104010 is valid
[2024-08-02T05:24:30.552Z] [=] Mobile : Token for user 21104010 is valid
[2024-08-02T05:24:44.407Z] [=] Mobile : Token for user 21104010 is valid
[2024-08-02T05:25:18.478Z] [=] Mobile : Token for user 21104010 is valid
[2024-08-02T05:27:53.596Z] [=] Mobile : Token for user 21104010 is valid
[2024-08-02T05:31:57.805Z] [=] Mobile : Token for user 21104010 is valid
[2024-08-02T05:33:25.960Z] [=] Mobile : Token for user 21104010 is valid
[2024-08-02T05:33:41.331Z] [=] Mobile : Token for user 21104010 is valid
[2024-08-02T05:37:43.016Z] [=] Mobile : Token for user 21104010 is valid
[2024-08-02T05:42:15.511Z] [=] Mobile : Token for user 21104010 is valid
[2024-08-02T05:44:38.248Z] [=] Mobile : Token for user 21104010 is valid
[2024-08-02T05:46:14.392Z] [=] Mobile : Token for user 21104010 is valid
